TN:
SF:playwright.config.ts
FN:1,(empty-report)
FNF:1
FNH:0
FNDA:0,(empty-report)
DA:1,0
DA:3,0
DA:4,0
DA:5,0
DA:6,0
DA:7,0
DA:8,0
DA:9,0
DA:10,0
DA:11,0
DA:12,0
DA:13,0
DA:14,0
DA:15,0
DA:16,0
DA:17,0
DA:18,0
DA:19,0
DA:20,0
DA:21,0
DA:22,0
DA:23,0
DA:24,0
DA:25,0
LF:24
LH:0
BRDA:1,0,0,0
BRF:1
BRH:0
end_of_record
TN:
SF:src/App.tsx
FN:1,(empty-report)
FNF:1
FNH:0
FNDA:0,(empty-report)
DA:1,0
DA:2,0
DA:3,0
DA:5,0
DA:6,0
DA:7,0
DA:8,0
DA:10,0
DA:11,0
DA:13,0
LF:10
LH:0
BRDA:1,0,0,0
BRF:1
BRH:0
end_of_record
TN:
SF:src/main.tsx
FN:1,(empty-report)
FNF:1
FNH:0
FNDA:0,(empty-report)
DA:1,0
DA:2,0
DA:3,0
DA:4,0
DA:6,0
DA:7,0
DA:8,0
DA:9,0
DA:10,0
LF:9
LH:0
BRDA:1,0,0,0
BRF:1
BRH:0
end_of_record
TN:
SF:src/router.tsx
FN:1,(empty-report)
FNF:1
FNH:0
FNDA:0,(empty-report)
DA:1,0
DA:2,0
DA:4,0
DA:5,0
DA:6,0
DA:8,0
DA:9,0
DA:10,0
DA:11,0
DA:12,0
DA:13,0
DA:14,0
DA:15,0
DA:16,0
DA:18,0
DA:19,0
DA:20,0
DA:21,0
DA:22,0
DA:24,0
DA:25,0
DA:26,0
DA:27,0
DA:28,0
DA:30,0
DA:31,0
DA:32,0
DA:33,0
DA:34,0
DA:35,0
DA:36,0
DA:37,0
DA:38,0
DA:39,0
DA:40,0
DA:41,0
DA:43,0
LF:37
LH:0
BRDA:1,0,0,0
BRF:1
BRH:0
end_of_record
TN:
SF:src/adapters/pdf-renaming/components/BrowserWarning.tsx
FN:9,BrowserWarning
FNF:1
FNH:1
FNDA:4,BrowserWarning
DA:9,1
DA:10,4
DA:12,3
DA:13,3
DA:14,3
DA:15,3
DA:17,3
DA:18,3
DA:19,3
DA:20,3
DA:21,3
DA:23,3
DA:24,3
DA:25,3
DA:26,3
DA:27,3
DA:28,3
DA:29,3
DA:30,3
DA:31,3
DA:34,3
DA:35,3
DA:36,3
DA:38,3
LF:24
LH:24
BRDA:9,0,0,4
BRDA:10,1,0,1
BRDA:10,2,0,3
BRF:3
BRH:3
end_of_record
TN:
SF:src/adapters/pdf-renaming/components/DropZone.tsx
FN:10,DropZone
FNF:1
FNH:1
FNDA:16,DropZone
DA:1,1
DA:2,1
DA:3,1
DA:10,1
DA:11,16
DA:12,16
DA:14,16
DA:16,16
DA:17,2
DA:18,2
DA:19,2
DA:20,16
DA:22,16
DA:23,1
DA:24,1
DA:25,1
DA:26,16
DA:28,16
DA:29,16
DA:30,4
DA:31,4
DA:32,4
DA:34,4
DA:35,4
DA:36,4
DA:38,4
DA:40,3
DA:41,3
DA:42,3
DA:44,3
DA:45,3
DA:46,3
DA:47,4
DA:48,16
DA:49,16
DA:51,16
DA:52,16
DA:53,16
DA:54,16
DA:55,16
DA:56,16
DA:57,16
DA:58,16
DA:59,16
DA:60,16
DA:61,2
DA:62,14
DA:63,16
DA:65,16
DA:66,3
DA:68,13
DA:69,13
DA:70,13
DA:71,13
DA:72,13
DA:73,13
DA:74,13
DA:76,13
DA:77,13
DA:78,13
DA:79,13
DA:80,13
DA:81,13
DA:82,13
DA:83,13
DA:84,13
DA:85,13
DA:87,16
DA:89,16
LF:69
LH:69
BRDA:10,0,0,16
BRDA:60,1,0,2
BRDA:61,2,0,14
BRDA:65,3,0,3
BRDA:66,4,0,13
BRDA:16,5,0,2
BRDA:22,6,0,1
BRDA:29,7,0,4
BRDA:38,8,0,1
BRDA:38,9,0,3
BRDA:35,10,0,5
BRDA:35,11,0,1
BRF:12
BRH:12
end_of_record
TN:
SF:src/adapters/pdf-renaming/components/HistoryList.tsx
FN:4,formatDate
FN:20,HistoryList
FN:48,onChange
FN:83,onClick
FN:91,onClick
FNF:5
FNH:3
FNDA:34,formatDate
FNDA:9,HistoryList
FNDA:1,onChange
FNDA:0,onClick
FNDA:0,onClick
DA:1,1
DA:4,34
DA:5,34
DA:6,34
DA:7,34
DA:8,34
DA:9,34
DA:10,34
DA:11,34
DA:12,0
DA:13,0
DA:14,34
DA:20,1
DA:21,9
DA:23,9
DA:24,35
DA:25,2
DA:26,2
DA:27,2
DA:28,1
DA:30,9
DA:32,9
DA:34,9
DA:35,1
DA:36,1
DA:37,1
DA:38,1
DA:40,1
DA:42,8
DA:43,8
DA:44,8
DA:45,8
DA:46,8
DA:47,8
DA:48,8
DA:49,8
DA:50,8
DA:52,8
DA:53,8
DA:54,34
DA:55,34
DA:56,34
DA:57,34
DA:58,34
DA:59,34
DA:60,1
DA:62,1
DA:64,34
DA:65,34
DA:66,34
DA:67,34
DA:68,34
DA:69,34
DA:70,34
DA:71,8
DA:72,8
DA:74,8
DA:75,1
DA:76,1
DA:77,1
DA:78,1
DA:79,1
DA:80,1
DA:81,1
DA:82,1
DA:83,1
DA:84,1
DA:85,1
DA:87,1
DA:88,1
DA:89,1
DA:90,1
DA:91,1
DA:92,1
DA:93,1
DA:95,1
DA:96,1
DA:97,1
DA:99,9
DA:101,9
LF:80
LH:78
BRDA:4,0,0,34
BRDA:11,1,0,0
BRDA:20,2,0,9
BRDA:34,3,0,1
BRDA:40,4,0,8
BRDA:74,5,0,1
BRDA:23,6,0,35
BRDA:24,7,0,33
BRDA:24,8,0,2
BRDA:27,9,0,1
BRDA:48,10,0,1
BRDA:53,11,0,34
BRDA:59,12,0,1
BRF:13
BRH:12
end_of_record
TN:
SF:src/adapters/pdf-renaming/components/PreviewTable.tsx
FN:14,PreviewTable
FN:48,onChange
FNF:2
FNH:2
FNDA:12,PreviewTable
FNDA:1,onChange
DA:2,1
DA:14,1
DA:15,12
DA:17,12
DA:18,2
DA:19,2
DA:20,2
DA:21,2
DA:23,2
DA:25,10
DA:26,10
DA:27,10
DA:28,10
DA:29,10
DA:30,10
DA:31,10
DA:32,10
DA:33,10
DA:34,10
DA:35,10
DA:36,10
DA:37,10
DA:38,10
DA:39,10
DA:40,10
DA:41,10
DA:42,10
DA:43,10
DA:44,10
DA:45,10
DA:46,10
DA:47,10
DA:48,10
DA:49,10
DA:50,10
DA:51,10
DA:52,10
DA:53,10
DA:54,1
DA:56,1
DA:57,9
DA:58,1
DA:60,1
DA:61,8
DA:62,1
DA:64,1
DA:66,7
DA:68,7
DA:70,10
DA:71,10
DA:72,10
DA:73,10
DA:74,10
DA:75,10
DA:77,10
DA:78,10
DA:79,10
DA:80,10
DA:81,10
DA:82,10
DA:83,10
DA:85,10
DA:86,10
DA:87,10
DA:89,10
LF:65
LH:65
BRDA:14,0,0,12
BRDA:17,1,0,2
BRDA:23,2,0,10
BRDA:38,3,0,10
BRDA:42,4,0,0
BRDA:53,5,0,1
BRDA:56,6,0,9
BRDA:57,7,0,1
BRDA:60,8,0,8
BRDA:61,9,0,1
BRDA:64,10,0,7
BRDA:48,11,0,1
BRF:12
BRH:11
end_of_record
TN:
SF:src/adapters/pdf-renaming/pages/HistoryPage.tsx
FN:6,HistoryPage
FN:10,loadJobs
FNF:2
FNH:2
FNDA:2,HistoryPage
FNDA:2,loadJobs
DA:1,1
DA:2,1
DA:3,1
DA:4,1
DA:6,2
DA:7,2
DA:9,2
DA:10,2
DA:11,2
DA:12,2
DA:13,2
DA:24,2
DA:29,2
DA:30,2
DA:32,2
DA:34,2
DA:35,2
DA:36,2
DA:37,2
DA:38,2
DA:39,2
DA:40,2
DA:41,2
DA:42,2
DA:43,2
DA:44,2
DA:45,2
DA:46,2
DA:47,2
DA:48,2
DA:50,0
DA:51,2
DA:52,2
DA:53,2
DA:55,2
DA:56,2
DA:57,2
DA:58,2
DA:59,2
DA:61,2
LF:40
LH:39
BRDA:6,0,0,2
BRDA:9,1,0,2
BRDA:10,2,0,2
BRDA:48,3,0,0
BRDA:35,4,0,2
BRF:5
BRH:4
end_of_record
TN:
SF:src/adapters/pdf-renaming/pages/IntakePage.tsx
FN:10,IntakePage
FN:19,handleConfirm
FNF:2
FNH:2
FNDA:5,IntakePage
FNDA:3,handleConfirm
DA:1,1
DA:2,1
DA:3,1
DA:4,1
DA:5,1
DA:6,1
DA:7,1
DA:8,1
DA:10,5
DA:11,5
DA:12,5
DA:13,5
DA:15,5
DA:16,3
DA:17,5
DA:19,5
DA:20,3
DA:21,3
DA:22,3
DA:23,3
DA:24,3
DA:25,3
DA:26,2
DA:27,2
DA:29,2
DA:30,2
DA:31,3
DA:32,1
DA:33,1
DA:34,1
DA:35,0
DA:36,0
DA:37,3
DA:38,3
DA:39,3
DA:40,3
DA:42,5
DA:43,5
DA:44,5
DA:45,5
DA:46,5
DA:47,2
DA:48,2
DA:49,2
DA:51,5
DA:52,5
DA:53,5
DA:55,5
LF:48
LH:46
BRDA:10,0,0,5
BRDA:46,1,0,2
BRDA:15,2,0,3
BRDA:19,3,0,3
BRDA:25,4,0,2
BRDA:31,5,0,1
BRDA:34,6,0,0
BRF:7
BRH:6
end_of_record
TN:
SF:src/adapters/pdf-renaming/pages/SettingsPage.tsx
FN:1,(empty-report)
FNF:1
FNH:0
FNDA:0,(empty-report)
DA:1,0
DA:2,0
DA:3,0
DA:4,0
DA:5,0
DA:7,0
DA:8,0
DA:10,0
LF:8
LH:0
BRDA:1,0,0,0
BRF:1
BRH:0
end_of_record
TN:
SF:src/adapters/pdf-renaming/store/dropZoneStore.ts
FN:35,setDragActive
FN:37,setPendingFiles
FN:39,addParsedResult
FN:42,setPreviewRows
FN:44,updateFinalName
FN:53,setConfirming
FN:55,reset
FNF:7
FNH:6
FNDA:7,setDragActive
FNDA:3,setPendingFiles
FNDA:0,addParsedResult
FNDA:3,setPreviewRows
FNDA:1,updateFinalName
FNDA:3,setConfirming
FNDA:18,reset
DA:1,1
DA:24,1
DA:25,1
DA:26,1
DA:27,1
DA:28,1
DA:29,1
DA:30,1
DA:32,1
DA:33,2
DA:35,2
DA:37,2
DA:39,2
DA:40,0
DA:42,2
DA:44,2
DA:45,1
DA:46,1
DA:47,1
DA:48,1
DA:49,1
DA:50,1
DA:51,1
DA:53,2
DA:55,2
DA:56,1
LF:26
LH:25
BRDA:32,0,0,2
BRDA:35,1,0,7
BRDA:37,2,0,3
BRDA:42,3,0,3
BRDA:44,4,0,1
BRDA:45,5,0,1
BRDA:53,6,0,3
BRDA:55,7,0,18
BRF:8
BRH:8
end_of_record
TN:
SF:src/adapters/pdf-renaming/store/historyStore.ts
FN:43,setJobs
FN:45,setPage
FN:47,setTotal
FN:49,setSearchTerm
FN:51,addJob
FN:54,reset
FNF:6
FNH:2
FNDA:0,setJobs
FNDA:0,setPage
FNDA:0,setTotal
FNDA:1,setSearchTerm
FNDA:0,addJob
FNDA:8,reset
DA:1,1
DA:32,1
DA:33,1
DA:34,1
DA:35,1
DA:36,1
DA:37,1
DA:38,1
DA:40,1
DA:41,1
DA:43,1
DA:45,1
DA:47,1
DA:49,1
DA:51,1
DA:52,0
DA:54,1
DA:55,1
LF:18
LH:17
BRDA:40,0,0,1
BRDA:49,1,0,1
BRDA:54,2,0,8
BRF:3
BRH:3
end_of_record
TN:
SF:src/adapters/pdf-renaming/store/sessionStore.ts
FN:25,setRootFolderHandle
FN:28,setHasPermission
FN:30,checkFsaaSupport
FN:33,reset
FNF:4
FNH:4
FNDA:2,setRootFolderHandle
FNDA:3,setHasPermission
FNDA:1,checkFsaaSupport
FNDA:7,reset
DA:1,1
DA:16,1
DA:17,1
DA:18,1
DA:19,1
DA:20,1
DA:22,1
DA:23,1
DA:25,1
DA:26,2
DA:28,1
DA:30,1
DA:31,1
DA:33,1
DA:34,1
LF:15
LH:15
BRDA:22,0,0,1
BRDA:25,1,0,2
BRDA:28,2,0,3
BRDA:30,3,0,1
BRDA:33,4,0,7
BRF:5
BRH:5
end_of_record
TN:
SF:src/application/pdf-renaming/model/PreviewRow.ts
FN:1,(empty-report)
FNF:1
FNH:1
FNDA:1,(empty-report)
LF:0
LH:0
BRDA:1,0,0,1
BRF:1
BRH:1
end_of_record
TN:
SF:src/application/pdf-renaming/use-cases/confirmRename.ts
FN:7,confirmRename
FNF:1
FNH:1
FNDA:2,confirmRename
DA:1,1
DA:2,1
DA:3,1
DA:7,2
DA:8,2
DA:9,2
DA:10,2
DA:11,2
DA:13,2
DA:14,2
DA:15,2
DA:16,2
DA:18,2
DA:19,2
DA:20,2
DA:21,2
DA:22,0
DA:23,0
DA:25,2
DA:26,2
DA:27,2
DA:28,2
DA:30,2
DA:31,2
DA:33,2
DA:34,2
DA:35,2
DA:36,2
LF:28
LH:26
BRDA:7,0,0,2
BRDA:15,1,0,0
BRDA:16,2,0,0
BRDA:21,3,0,0
BRF:4
BRH:1
end_of_record
TN:
SF:src/application/pdf-renaming/use-cases/index.ts
FNF:0
FNH:0
DA:1,1
DA:2,1
LF:2
LH:2
BRF:0
BRH:0
end_of_record
TN:
SF:src/application/pdf-renaming/use-cases/processFile.ts
FN:9,extractText
FN:21,loadTemplate
FN:36,processFile
FNF:3
FNH:3
FNDA:4,extractText
FNDA:4,loadTemplate
FNDA:4,processFile
DA:1,1
DA:2,1
DA:3,1
DA:4,1
DA:8,1
DA:9,1
DA:10,4
DA:11,4
DA:13,4
DA:15,4
DA:16,4
DA:17,4
DA:18,4
DA:19,4
DA:20,4
DA:21,1
DA:22,4
DA:23,4
DA:24,4
DA:26,4
DA:27,4
DA:28,4
DA:29,4
DA:30,4
DA:31,0
DA:33,0
DA:36,1
DA:37,4
DA:38,4
DA:40,4
DA:41,4
DA:42,0
DA:43,0
DA:45,0
DA:46,0
DA:47,0
DA:48,0
DA:49,0
DA:50,4
DA:51,4
DA:52,4
DA:53,0
DA:55,0
DA:56,0
DA:57,0
DA:58,0
DA:59,0
DA:60,0
DA:61,4
DA:62,4
DA:63,4
DA:64,4
DA:65,4
DA:66,4
DA:67,4
DA:69,4
DA:70,4
DA:71,4
DA:72,4
LF:59
LH:43
BRDA:9,0,0,4
BRDA:18,1,0,4
BRDA:18,2,0,0
BRDA:21,3,0,4
BRDA:30,4,0,0
BRDA:36,5,0,4
BRDA:41,6,0,0
BRDA:52,7,0,0
BRF:8
BRH:4
end_of_record
TN:
SF:src/domain/pdf-renaming/model/types.ts
FN:1,(empty-report)
FNF:1
FNH:1
FNDA:1,(empty-report)
LF:0
LH:0
BRDA:1,0,0,1
BRF:1
BRH:1
end_of_record
TN:
SF:src/domain/pdf-renaming/ports/InvoiceParser.ts
FN:1,(empty-report)
FNF:1
FNH:1
FNDA:1,(empty-report)
LF:0
LH:0
BRDA:1,0,0,1
BRF:1
BRH:1
end_of_record
TN:
SF:src/domain/pdf-renaming/services/renamingEngine.ts
FN:9,applyTemplate
FNF:1
FNH:1
FNDA:5,applyTemplate
DA:2,1
DA:3,1
DA:9,1
DA:10,5
DA:11,5
DA:12,5
LF:6
LH:6
BRDA:9,0,0,5
BRF:1
BRH:1
end_of_record
TN:
SF:src/domain/pdf-renaming/services/stripAccents.ts
FN:1,stripAccents
FNF:1
FNH:1
FNDA:16,stripAccents
DA:1,1
DA:2,16
DA:3,16
LF:3
LH:3
BRDA:1,0,0,16
BRF:1
BRH:1
end_of_record
TN:
SF:src/domain/pdf-renaming/services/templateInterpolator.ts
FN:15,interpolateTemplate
FNF:1
FNH:1
FNDA:14,interpolateTemplate
DA:3,1
DA:4,1
DA:5,1
DA:6,1
DA:7,1
DA:8,1
DA:9,1
DA:15,1
DA:16,14
DA:17,22
DA:18,21
DA:19,21
DA:20,21
DA:21,18
DA:22,18
DA:23,1
DA:24,14
DA:25,14
LF:18
LH:18
BRDA:15,0,0,14
BRDA:16,1,0,22
BRDA:17,2,0,21
BRDA:20,3,0,18
BRDA:20,4,0,3
BRDA:20,5,0,18
BRDA:22,6,0,1
BRF:7
BRH:7
end_of_record
TN:
SF:src/infrastructure/db/client.ts
FN:1,(empty-report)
FNF:1
FNH:0
FNDA:0,(empty-report)
DA:1,0
DA:3,0
DA:5,0
DA:6,0
DA:7,0
DA:8,0
DA:9,0
DA:10,0
DA:12,0
DA:13,0
DA:14,0
DA:15,0
LF:12
LH:0
BRDA:1,0,0,0
BRF:1
BRH:0
end_of_record
TN:
SF:src/infrastructure/db/index.ts
FN:44,initDb
FN:55,getDb
FN:62,resetDbForTesting
FNF:3
FNH:2
FNDA:1,initDb
FNDA:0,getDb
FNDA:1,resetDbForTesting
DA:1,1
DA:2,1
DA:4,1
DA:6,1
DA:44,1
DA:45,1
DA:47,1
DA:48,1
DA:49,1
DA:51,1
DA:52,1
DA:53,1
DA:55,1
DA:56,0
DA:57,0
DA:58,0
DA:59,0
DA:60,0
DA:62,1
DA:63,1
DA:64,1
LF:21
LH:16
BRDA:44,0,0,1
BRDA:45,1,0,0
BRDA:62,2,0,1
BRF:3
BRH:2
end_of_record
TN:
SF:src/infrastructure/db/seed.ts
FN:44,seed
FNF:1
FNH:1
FNDA:1,seed
DA:3,1
DA:4,1
DA:5,1
DA:6,1
DA:7,1
DA:8,1
DA:9,1
DA:10,1
DA:11,1
DA:13,1
DA:14,1
DA:15,1
DA:16,1
DA:17,1
DA:18,1
DA:19,1
DA:20,1
DA:21,1
DA:22,1
DA:23,1
DA:24,1
DA:25,1
DA:26,1
DA:27,1
DA:28,1
DA:29,1
DA:30,1
DA:31,1
DA:32,1
DA:33,1
DA:34,1
DA:35,1
DA:36,1
DA:37,1
DA:38,1
DA:39,1
DA:40,1
DA:41,1
DA:42,1
DA:44,1
DA:45,1
DA:46,7
DA:47,7
DA:50,7
DA:51,7
DA:52,7
DA:54,1
DA:55,7
DA:56,7
DA:57,7
DA:58,7
DA:59,7
DA:60,7
DA:61,7
DA:62,7
DA:63,7
DA:64,7
DA:65,7
DA:66,1
LF:59
LH:59
BRDA:44,0,0,1
BRDA:45,1,0,7
BRDA:54,2,0,7
BRF:3
BRH:3
end_of_record
TN:
SF:src/infrastructure/fs/folderResolver.ts
FN:23,resolveFolder
FNF:1
FNH:1
FNDA:6,resolveFolder
DA:1,1
DA:4,1
DA:5,1
DA:6,1
DA:7,1
DA:8,1
DA:9,1
DA:10,1
DA:11,1
DA:12,1
DA:13,1
DA:14,1
DA:15,1
DA:16,1
DA:17,1
DA:23,6
DA:24,6
DA:25,1
DA:26,1
DA:29,5
DA:30,6
DA:31,0
DA:32,0
DA:34,5
DA:35,5
DA:36,5
DA:37,6
DA:38,0
DA:39,0
DA:41,5
DA:42,5
DA:43,5
DA:44,5
DA:45,5
DA:47,6
DA:48,1
DA:49,1
DA:51,4
DA:53,4
DA:54,4
LF:40
LH:36
BRDA:23,0,0,6
BRDA:24,1,0,5
BRDA:24,2,0,1
BRDA:26,3,0,5
BRDA:30,4,0,0
BRDA:32,5,0,5
BRDA:37,6,0,0
BRDA:39,7,0,5
BRDA:47,8,0,1
BRDA:49,9,0,4
BRF:10
BRH:8
end_of_record
TN:
SF:src/infrastructure/fs/fsaaWriter.ts
FN:10,FsaaError
FN:19,requestRoot
FN:42,resolveSubfolder
FN:65,writeFile
FNF:4
FNH:4
FNDA:5,FsaaError
FNDA:4,requestRoot
FNDA:7,resolveSubfolder
FNDA:3,writeFile
DA:9,1
DA:10,1
DA:11,5
DA:12,5
DA:13,5
DA:14,1
DA:19,4
DA:20,4
DA:21,0
DA:22,0
DA:24,4
DA:25,4
DA:26,4
DA:27,3
DA:28,3
DA:29,2
DA:30,2
DA:31,1
DA:32,1
DA:33,1
DA:34,0
DA:35,0
DA:36,4
DA:42,7
DA:43,7
DA:44,7
DA:45,7
DA:46,7
DA:47,7
DA:48,10
DA:49,10
DA:50,10
DA:51,1
DA:52,1
DA:53,1
DA:54,1
DA:55,0
DA:56,0
DA:57,10
DA:58,6
DA:59,6
DA:65,3
DA:66,3
DA:67,3
DA:68,3
DA:69,3
DA:70,3
DA:71,3
DA:72,3
DA:74,3
DA:75,3
DA:76,3
DA:77,3
DA:78,1
DA:79,1
DA:80,1
DA:81,1
DA:82,0
DA:83,0
DA:85,2
DA:86,2
DA:87,2
DA:88,2
LF:63
LH:55
BRDA:10,0,0,5
BRDA:19,1,0,4
BRDA:20,2,0,0
BRDA:26,3,0,3
BRDA:28,4,0,1
BRDA:28,5,0,2
BRDA:30,6,0,1
BRDA:33,7,0,0
BRDA:42,8,0,7
BRDA:47,9,0,10
BRDA:49,10,0,9
BRDA:50,11,0,1
BRDA:52,12,0,0
BRDA:54,13,0,0
BRDA:57,14,0,6
BRDA:65,15,0,3
BRDA:76,16,0,2
BRDA:77,17,0,1
BRDA:79,18,0,0
BRDA:81,19,0,0
BRDA:83,20,0,2
BRF:21
BRH:15
end_of_record
TN:
SF:src/infrastructure/parsers/axa.parser.ts
FN:11,extract
FNF:1
FNH:1
FNDA:2,extract
DA:8,1
DA:9,1
DA:11,1
DA:12,2
DA:13,2
DA:14,2
DA:15,2
DA:16,2
DA:17,2
DA:18,2
DA:19,2
DA:20,2
DA:21,2
DA:22,2
DA:23,1
LF:15
LH:15
BRDA:11,0,0,2
BRF:1
BRH:1
end_of_record
TN:
SF:src/infrastructure/parsers/generali.parser.ts
FN:11,extract
FNF:1
FNH:1
FNDA:2,extract
DA:8,1
DA:9,1
DA:11,1
DA:12,2
DA:13,2
DA:14,2
DA:15,2
DA:16,2
DA:17,2
DA:18,2
DA:19,2
DA:20,2
DA:21,2
DA:22,2
DA:23,1
LF:15
LH:15
BRDA:11,0,0,2
BRF:1
BRH:1
end_of_record
TN:
SF:src/infrastructure/parsers/interpartner.parser.ts
FN:14,extract
FN:33,extractInvoiceNumber
FN:38,extractDate
FN:50,extractAmount
FN:63,extractName
FNF:5
FNH:5
FNDA:3,extract
FNDA:3,extractInvoiceNumber
FNDA:3,extractDate
FNDA:3,extractAmount
FNDA:3,extractName
DA:11,1
DA:12,1
DA:14,1
DA:15,3
DA:16,3
DA:17,3
DA:18,3
DA:20,3
DA:21,3
DA:22,3
DA:23,3
DA:24,3
DA:25,3
DA:26,3
DA:27,3
DA:28,3
DA:29,3
DA:30,3
DA:31,1
DA:33,3
DA:34,3
DA:35,3
DA:36,3
DA:38,3
DA:40,3
DA:41,3
DA:42,2
DA:43,2
DA:45,1
DA:46,3
DA:47,1
DA:48,1
DA:50,3
DA:52,3
DA:53,3
DA:54,2
DA:55,2
DA:56,2
DA:58,1
DA:59,3
DA:60,1
DA:61,1
DA:63,3
DA:64,3
DA:65,3
DA:66,0
DA:67,0
DA:68,3
DA:69,3
LF:49
LH:47
BRDA:14,0,0,3
BRDA:28,1,0,2
BRDA:28,2,0,1
BRDA:33,3,0,3
BRDA:35,4,0,2
BRDA:35,5,0,1
BRDA:38,6,0,3
BRDA:41,7,0,2
BRDA:43,8,0,1
BRDA:46,9,0,0
BRDA:46,10,0,1
BRDA:50,11,0,3
BRDA:53,12,0,2
BRDA:56,13,0,1
BRDA:59,14,0,0
BRDA:59,15,0,1
BRDA:63,16,0,3
BRDA:65,17,0,0
BRF:18
BRH:15
end_of_record
TN:
SF:src/infrastructure/parsers/iris.parser.ts
FN:9,extract
FN:28,extractInvoiceNumber
FN:35,extractDate
FN:42,extractAmount
FN:51,extractName
FNF:5
FNH:5
FNDA:1,extract
FNDA:1,extractInvoiceNumber
FNDA:1,extractDate
FNDA:1,extractAmount
FNDA:1,extractName
DA:6,1
DA:7,1
DA:9,1
DA:10,1
DA:11,1
DA:12,1
DA:13,1
DA:15,1
DA:16,1
DA:17,1
DA:18,1
DA:19,1
DA:20,1
DA:21,1
DA:22,1
DA:23,1
DA:24,1
DA:25,1
DA:26,1
DA:28,1
DA:29,1
DA:30,1
DA:31,0
DA:32,1
DA:33,1
DA:35,1
DA:36,1
DA:37,1
DA:38,0
DA:39,1
DA:40,1
DA:42,1
DA:43,1
DA:44,1
DA:45,1
DA:46,1
DA:47,0
DA:48,1
DA:49,1
DA:51,1
DA:52,1
DA:53,1
DA:54,0
DA:55,0
LF:44
LH:39
BRDA:9,0,0,1
BRDA:23,1,0,0
BRDA:28,2,0,1
BRDA:30,3,0,0
BRDA:32,4,0,0
BRDA:35,5,0,1
BRDA:37,6,0,0
BRDA:39,7,0,0
BRDA:42,8,0,1
BRDA:46,9,0,0
BRDA:48,10,0,0
BRDA:51,11,0,1
BRDA:53,12,0,0
BRF:13
BRH:5
end_of_record
TN:
SF:src/infrastructure/parsers/iservis.parser.ts
FN:9,extract
FN:28,extractInvoiceNumber
FN:35,extractDate
FN:42,extractAmount
FN:54,extractName
FNF:5
FNH:5
FNDA:1,extract
FNDA:1,extractInvoiceNumber
FNDA:1,extractDate
FNDA:1,extractAmount
FNDA:1,extractName
DA:6,1
DA:7,1
DA:9,1
DA:10,1
DA:11,1
DA:12,1
DA:13,1
DA:15,1
DA:16,1
DA:17,1
DA:18,1
DA:19,1
DA:20,1
DA:21,1
DA:22,1
DA:23,1
DA:24,1
DA:25,1
DA:26,1
DA:28,1
DA:29,1
DA:30,1
DA:31,0
DA:32,1
DA:33,1
DA:35,1
DA:36,1
DA:37,1
DA:38,0
DA:39,1
DA:40,1
DA:42,1
DA:43,1
DA:44,1
DA:45,1
DA:46,1
DA:47,0
DA:48,0
DA:49,0
DA:50,0
DA:51,0
DA:52,0
DA:54,1
DA:55,1
DA:56,1
DA:57,0
DA:58,0
LF:47
LH:37
BRDA:9,0,0,1
BRDA:23,1,0,0
BRDA:28,2,0,1
BRDA:30,3,0,0
BRDA:32,4,0,0
BRDA:35,5,0,1
BRDA:37,6,0,0
BRDA:39,7,0,0
BRDA:42,8,0,1
BRDA:46,9,0,0
BRDA:54,10,0,1
BRDA:56,11,0,0
BRF:12
BRH:5
end_of_record
TN:
SF:src/infrastructure/parsers/parser-registry.ts
FN:20,getParser
FN:28,detectCompany
FNF:2
FNH:2
FNDA:8,getParser
FNDA:8,detectCompany
DA:2,1
DA:3,1
DA:4,1
DA:5,1
DA:6,1
DA:7,1
DA:8,1
DA:10,1
DA:11,1
DA:12,1
DA:13,1
DA:14,1
DA:15,1
DA:16,1
DA:17,1
DA:18,1
DA:20,1
DA:21,8
DA:22,8
DA:28,1
DA:29,8
DA:31,8
DA:32,8
DA:33,8
DA:34,8
DA:35,8
DA:36,8
DA:37,8
DA:39,1
DA:40,1
LF:30
LH:30
BRDA:20,0,0,8
BRDA:28,1,0,8
BRDA:31,2,0,1
BRDA:31,3,0,7
BRDA:32,4,0,6
BRDA:32,5,0,1
BRDA:32,6,0,6
BRDA:33,7,0,5
BRDA:33,8,0,5
BRDA:33,9,0,1
BRDA:33,10,0,5
BRDA:34,11,0,4
BRDA:34,12,0,1
BRDA:34,13,0,4
BRDA:35,14,0,1
BRDA:35,15,0,3
BRDA:36,16,0,1
BRDA:36,17,0,2
BRDA:37,18,0,1
BRF:19
BRH:19
end_of_record
TN:
SF:src/infrastructure/parsers/rds.parser.ts
FN:9,extract
FN:28,extractInvoiceNumber
FN:35,extractDate
FN:42,extractAmount
FN:51,extractName
FNF:5
FNH:5
FNDA:1,extract
FNDA:1,extractInvoiceNumber
FNDA:1,extractDate
FNDA:1,extractAmount
FNDA:1,extractName
DA:6,1
DA:7,1
DA:9,1
DA:10,1
DA:11,1
DA:12,1
DA:13,1
DA:15,1
DA:16,1
DA:17,1
DA:18,1
DA:19,1
DA:20,1
DA:21,1
DA:22,1
DA:23,1
DA:24,1
DA:25,1
DA:26,1
DA:28,1
DA:29,1
DA:30,1
DA:31,0
DA:32,1
DA:33,1
DA:35,1
DA:36,1
DA:37,1
DA:38,0
DA:39,1
DA:40,1
DA:42,1
DA:43,1
DA:44,1
DA:45,1
DA:46,1
DA:47,0
DA:48,1
DA:49,1
DA:51,1
DA:52,1
DA:53,1
DA:54,0
DA:55,0
LF:44
LH:39
BRDA:9,0,0,1
BRDA:23,1,0,0
BRDA:28,2,0,1
BRDA:30,3,0,0
BRDA:32,4,0,0
BRDA:35,5,0,1
BRDA:37,6,0,0
BRDA:39,7,0,0
BRDA:42,8,0,1
BRDA:46,9,0,0
BRDA:48,10,0,0
BRDA:51,11,0,1
BRDA:53,12,0,0
BRF:13
BRH:5
end_of_record
TN:
SF:src/infrastructure/parsers/santa-lucia.parser.ts
FN:11,extract
FN:30,extractInvoiceNumber
FN:37,extractDate
FN:44,extractAmount
FN:53,extractName
FNF:5
FNH:5
FNDA:2,extract
FNDA:2,extractInvoiceNumber
FNDA:2,extractDate
FNDA:2,extractAmount
FNDA:2,extractName
DA:8,1
DA:9,1
DA:11,1
DA:12,2
DA:13,2
DA:14,2
DA:15,2
DA:17,2
DA:18,2
DA:19,2
DA:20,2
DA:21,2
DA:22,2
DA:23,2
DA:24,2
DA:25,2
DA:26,2
DA:27,2
DA:28,1
DA:30,2
DA:31,2
DA:32,2
DA:33,2
DA:34,2
DA:35,2
DA:37,2
DA:38,2
DA:39,2
DA:40,1
DA:41,2
DA:42,2
DA:44,2
DA:45,2
DA:46,2
DA:47,1
DA:48,1
DA:49,1
DA:50,2
DA:51,2
DA:53,2
DA:54,2
DA:55,2
DA:56,1
DA:57,1
LF:44
LH:44
BRDA:11,0,0,2
BRDA:25,1,0,1
BRDA:25,2,0,1
BRDA:30,3,0,2
BRDA:32,4,0,0
BRDA:34,5,0,1
BRDA:34,6,0,1
BRDA:37,7,0,2
BRDA:39,8,0,1
BRDA:41,9,0,0
BRDA:41,10,0,1
BRDA:44,11,0,2
BRDA:46,12,0,1
BRDA:50,13,0,0
BRDA:50,14,0,1
BRDA:53,15,0,2
BRDA:55,16,0,1
BRF:17
BRH:14
end_of_record
